Arguments: 
  /usr/local/bin/node /usr/local/bin/yarn init

PATH: 
  /home/renato-franco/.rvm/gems/ruby-2.6.0-preview2/bin:/home/renato-franco/.rvm/gems/ruby-2.6.0-preview2@global/bin:/home/renato-franco/.rvm/rubies/ruby-2.6.0-preview2/bin:/home/renato-franco/.local/bin:/home/renato-franco/bin:/usr/local/sbin:/usr/local/bin:/usr/sbin:/usr/bin:/sbin:/bin:/usr/games:/usr/local/games:/home/renato-franco/.rvm/bin

Yarn version: 
  1.13.0

Node version: 
  11.10.1

Platform: 
  linux x64

Trace: 
  Error: canceled
      at Interface.<anonymous> (/usr/local/lib/node_modules/yarn/lib/cli.js:125657:13)
      at Interface.emit (events.js:197:13)
      at Interface._ttyWrite (readline.js:799:16)
      at ReadStream.onkeypress (readline.js:184:10)
      at ReadStream.emit (events.js:197:13)
      at emitKeys (internal/readline.js:424:14)
      at emitKeys.next (<anonymous>)
      at ReadStream.onData (readline.js:1071:36)
      at ReadStream.emit (events.js:197:13)
      at addChunk (_stream_readable.js:288:12)

npm manifest: 
  No manifest

yarn manifest: 
  No manifest

Lockfile: 
  No lockfile
